
     =--------------------------------------------------------------------------------=
                      :::    :::           ::::::::         :::       ::: 
                     :+:   :+:           :+:    :+:        :+:       :+:  
                    +:+  +:+            +:+               +:+       +:+   
                   +#++:++             +#+               +#+  +:+  +#+    
                  +#+  +#+            +#+               +#+ +#+#+ +#+     
                 #+#   #+#           #+#    #+#         #+#+# #+#+#       
                ###    ###           ########           ###   ###         

       Koopmans functional implementation based on DFPT; please cite this program as

        N.Colonna, R. De Gannaro, E. Linscott, and N. Marzari, JCTC 18, 5435 (2022) 
     =--------------------------------------------------------------------------------=

     Program KCW v.7.2 starts on 24Oct2023 at 16:19:20 

     This program is part of the open-source Quantum ESPRESSO suite
     for quantum simulation of materials; please cite
         "P. Giannozzi et al., J. Phys.:Condens. Matter 21 395502 (2009);
         "P. Giannozzi et al., J. Phys.:Condens. Matter 29 465901 (2017);
         "P. Giannozzi et al., J. Chem. Phys. 152 154105 (2020);
          URL http://www.quantum-espresso.org", 
     in publications or presentations arising from this work. More details at
     http://www.quantum-espresso.org/quote

     Parallel version (MPI), running on     4 processors

     MPI processes distributed on     1 nodes
     R & G space division:  proc/nbgrp/npool/nimage =       4
     5515 MiB available memory on the printing compute node when the environment starts


     KCW INPUT SUMMARY 
     ============================================

      CONTROL 
       # title               =            KI H2O
       # out_dir             =/home/nicola/CODES
       # prefix              =                Si
       # calculation         =               ham
       # kcw_iverbosity      =                 1
       # kcw_at_ks           =                 F
       # MP grid             =     2     2     2
       # spin_component      =                 1
       # homo_only           =                 F
       # read_unitary_matrix =                 T
       # check_ks            =                 T
       # l_vcut              =                 F
       # assume_isolated     =              none

      WANNIER 
       # seedname            =                Si
       # num_wann_occ        =                 4
       # num_wann_emp        =                 4
       # have_empty          =                 T
       # has_disentangle     =                 T
       # l_unique_manifold   =                 F

      HAM 
       # qp_symm             =                 F
       # kipz_corr           =                 F
       # MP grid             =     2     2     2
       # do_bands            =                 T
       # use_ws_distance     =                 T
       # write_hr            =                 T
       # l_alpha_corr        =                 F
       # on_site_only        =                 T
       # h_proj              =                 T
     ============================================

     INFO: Reading pwscf data

     Reading xml data from directory:

     /home/nicola/CODES/q-e-kcw/tempdir/Si.save/

     IMPORTANT: XC functional enforced from input :
     Exchange-correlation= PBE
                           (   1   4   3   4   0   0   0)
     Any further DFT definition will be discarded
     Please, verify this is what you really want


     Parallelization info
     --------------------
     sticks:   dense  smooth     PW     G-vecs:    dense   smooth      PW
     Min          73      73     22                  821      821     152
     Max          74      74     23                  823      823     153
     Sum         295     295     91                 3287     3287     609

     Using Slab Decomposition

     Reading collected, re-writing distributed wavefunctions

     INFO: total number of primitive cell    8

     READING SCREENING PARAMETERS

     INFO: alphas read from:/home/nicola/CODES/q-e-kcw/tempdir/kcw/Si.alpha.dat                                                                                                                                                                                                             
     iwann =     1   alpha =      0.30362277
     iwann =     2   alpha =      0.30362283
     iwann =     3   alpha =      0.30362273
     iwann =     4   alpha =      0.30362266
     iwann =     5   alpha =      0.20944603
     iwann =     6   alpha =      0.20944590
     iwann =     7   alpha =      0.20944600
     iwann =     8   alpha =      0.20944598

     INFO: MLWF read from file: Reading collected, re-writing distributed wavefunctions

        KS Hamiltonian calculation at k=      0.0000      0.0000      0.0000   ...    DONE 

        WANN      -5.4905     6.5463     6.5463     6.5463     8.9866     8.9866     8.9866     9.8775
        PWSCF     -5.4905     6.5463     6.5463     6.5463     8.9866     8.9866     8.9866     9.8775

        KS Hamiltonian calculation at k=     -0.5000      0.5000     -0.5000   ...    DONE 

        WANN      -3.1401    -0.5116     5.3079     5.3079     8.0305    12.2366    12.2366    15.7132
        PWSCF     -3.1401    -0.5116     5.3079     5.3079     8.0305     9.7641     9.7641    14.1717

        KS Hamiltonian calculation at k=      0.5000      0.5000      0.5000   ...    DONE 

        WANN      -3.1401    -0.5116     5.3079     5.3079     8.0305    12.2366    12.2366    15.7132
        PWSCF     -3.1401    -0.5116     5.3079     5.3079     8.0305     9.7641     9.7641    14.1717

        KS Hamiltonian calculation at k=      0.0000      1.0000      0.0000   ...    DONE 

        WANN      -1.3252    -1.3252     3.6152     3.6152     7.1423     7.1423    16.6030    16.6030
        PWSCF     -1.3252    -1.3252     3.6152     3.6152     7.1423     7.1423    16.6030    16.6030

        KS Hamiltonian calculation at k=     -0.5000     -0.5000      0.5000   ...    DONE 

        WANN      -3.1401    -0.5116     5.3079     5.3079     8.0305    12.2366    12.2366    15.7132
        PWSCF     -3.1401    -0.5116     5.3079     5.3079     8.0305     9.7641     9.7641    14.1717

        KS Hamiltonian calculation at k=     -1.0000      0.0000      0.0000   ...    DONE 

        WANN      -1.3252    -1.3252     3.6152     3.6152     7.1423     7.1423    16.6030    16.6030
        PWSCF     -1.3252    -1.3252     3.6152     3.6152     7.1423     7.1423    16.6030    16.6030

        KS Hamiltonian calculation at k=      0.0000      0.0000      1.0000   ...    DONE 

        WANN      -1.3252    -1.3252     3.6152     3.6152     7.1423     7.1423    16.6030    16.6030
        PWSCF     -1.3252    -1.3252     3.6152     3.6152     7.1423     7.1423    16.6030    16.6030

        KS Hamiltonian calculation at k=     -0.5000      0.5000      0.5000   ...    DONE 

        WANN      -3.1401    -0.5116     5.3079     5.3079     8.0305    12.2366    12.2366    15.7132
        PWSCF     -3.1401    -0.5116     5.3079     5.3079     8.0305     9.7641     9.7641    14.1717

     INFO: Coulomb q+G=0 treatment:
     INFO: Divergence            none    
     INFO: q-grid dimension         2   2   2
     INFO: cell volume               270.256360799503
     INFO: Gamma Extrapolation       F
     INFO: extrapolation q->0 term not estimated
     INFO: Bare Coulomb q+G=0            0.00000E+00

     INFO: READING Wannier-orbital Densities ...

        ==============================================================================
        iq =     1
        The  Wannier density at  q =    0.0000000   0.0000000   0.0000000  [Cart ]
        The  Wannier density at  q =    0.0000000   0.0000000   0.0000000  [Cryst]
        ==============================================================================


        ==============================================================================
        iq =     2
        The  Wannier density at  q =   -0.5000000   0.5000000  -0.5000000  [Cart ]
        The  Wannier density at  q =    0.0000000   0.0000000   0.5000000  [Cryst]
        ==============================================================================


        ==============================================================================
        iq =     3
        The  Wannier density at  q =    0.5000000   0.5000000   0.5000000  [Cart ]
        The  Wannier density at  q =    0.0000000   0.5000000   0.0000000  [Cryst]
        ==============================================================================


        ==============================================================================
        iq =     4
        The  Wannier density at  q =    0.0000000   1.0000000   0.0000000  [Cart ]
        The  Wannier density at  q =    0.0000000   0.5000000   0.5000000  [Cryst]
        ==============================================================================


        ==============================================================================
        iq =     5
        The  Wannier density at  q =   -0.5000000  -0.5000000   0.5000000  [Cart ]
        The  Wannier density at  q =    0.5000000   0.0000000   0.0000000  [Cryst]
        ==============================================================================


        ==============================================================================
        iq =     6
        The  Wannier density at  q =   -1.0000000   0.0000000   0.0000000  [Cart ]
        The  Wannier density at  q =    0.5000000   0.0000000   0.5000000  [Cryst]
        ==============================================================================


        ==============================================================================
        iq =     7
        The  Wannier density at  q =    0.0000000   0.0000000   1.0000000  [Cart ]
        The  Wannier density at  q =    0.5000000   0.5000000   0.0000000  [Cryst]
        ==============================================================================


        ==============================================================================
        iq =     8
        The  Wannier density at  q =   -0.5000000   0.5000000   0.5000000  [Cart ]
        The  Wannier density at  q =    0.5000000   0.5000000   0.5000000  [Cryst]
        ==============================================================================

     INFO: total number of wannier to compute    8 from     1 to     8
     INFO: PREPARING THE KCW CALCULATION ... DONE



     INFO: KI Hamiltonian using Projections

     INFO: KC SCALAR TERM CALCULATION ... START

     INFO: KC SCALAR TERM CALCULATION ... END

          k = 0.0000 0.0000 0.0000     band energies (ev):

          KS      -5.4905     6.5463     6.5463     6.5463     8.9866     8.9866     8.9866     9.8775
          KS      14.1923    14.1923    14.4675    17.6508    17.6508    17.6508    21.9360    29.9773
          KS      29.9773    29.9773    31.0467    31.0467
          KI      -6.3478     5.6891     5.6891     5.6891     9.1639     9.1639     9.1639    10.0548
          KI      14.1923    14.1923    14.4675    17.6508    17.6508    17.6508    21.9360    29.9773
          KI      29.9773    29.9773    31.0467    31.0467

          k =-0.5000 0.5000-0.5000     band energies (ev):

          KS      -3.1401    -0.5116     5.3079     5.3079     8.0305     9.7641     9.7641    14.1717
          KS      17.1033    17.1033    17.8212    17.8212    17.9310    19.5166    26.1583    26.4774
          KS      28.2323    28.2323    28.4606    28.4606
          KI      -3.9974    -1.3689     4.4506     4.4506     8.2078     9.8870     9.8870    14.2978
          KI      17.1033    17.1033    17.8756    17.8756    17.9310    19.5677    26.1583    26.4774
          KI      28.2323    28.2323    28.4606    28.4606

          k = 0.5000 0.5000 0.5000     band energies (ev):

          KS      -3.1401    -0.5116     5.3079     5.3079     8.0305     9.7641     9.7641    14.1717
          KS      17.1033    17.1033    17.8212    17.8212    17.9310    19.5166    26.1583    26.4774
          KS      28.2323    28.2323    28.4606    28.4606
          KI      -3.9974    -1.3689     4.4506     4.4506     8.2078     9.8870     9.8870    14.2978
          KI      17.1033    17.1033    17.8756    17.8756    17.9310    19.5677    26.1583    26.4774
          KI      28.2323    28.2323    28.4606    28.4606

          k = 0.0000 1.0000 0.0000     band energies (ev):

          KS      -1.3252    -1.3252     3.6152     3.6152     7.1423     7.1423    16.6030    16.6030
          KS      17.6221    17.6221    19.0492    19.0492    19.5900    19.5900    25.5341    25.5341
          KS      26.2118    26.2118    26.6215    26.6215
          KI      -2.1824    -2.1824     2.7579     2.7579     7.3195     7.3195    16.7803    16.7803
          KI      17.6221    17.6221    19.0492    19.0492    19.5900    19.5900    25.5341    25.5341
          KI      26.2118    26.2118    26.6215    26.6215

          k =-0.5000-0.5000 0.5000     band energies (ev):

          KS      -3.1401    -0.5116     5.3079     5.3079     8.0305     9.7641     9.7641    14.1717
          KS      17.1033    17.1033    17.8212    17.8212    17.9310    19.5166    26.1583    26.4774
          KS      28.2323    28.2323    28.4606    28.4606
          KI      -3.9974    -1.3689     4.4506     4.4506     8.2078     9.8870     9.8870    14.2978
          KI      17.1033    17.1033    17.8756    17.8756    17.9310    19.5677    26.1583    26.4774
          KI      28.2323    28.2323    28.4606    28.4606

          k =-1.0000 0.0000 0.0000     band energies (ev):

          KS      -1.3252    -1.3252     3.6152     3.6152     7.1423     7.1423    16.6030    16.6030
          KS      17.6221    17.6221    19.0492    19.0492    19.5900    19.5900    25.5341    25.5341
          KS      26.2118    26.2118    26.6215    26.6215
          KI      -2.1824    -2.1824     2.7579     2.7579     7.3195     7.3195    16.7803    16.7803
          KI      17.6221    17.6221    19.0492    19.0492    19.5900    19.5900    25.5341    25.5341
          KI      26.2118    26.2118    26.6215    26.6215

          k = 0.0000 0.0000 1.0000     band energies (ev):

          KS      -1.3252    -1.3252     3.6152     3.6152     7.1423     7.1423    16.6030    16.6030
          KS      17.6221    17.6221    19.0492    19.0492    19.5900    19.5900    25.5341    25.5341
          KS      26.2118    26.2118    26.6215    26.6215
          KI      -2.1824    -2.1824     2.7579     2.7579     7.3195     7.3195    16.7803    16.7803
          KI      17.6221    17.6221    19.0492    19.0492    19.5900    19.5900    25.5341    25.5341
          KI      26.2118    26.2118    26.6215    26.6215

          k =-0.5000 0.5000 0.5000     band energies (ev):

          KS      -3.1401    -0.5116     5.3079     5.3079     8.0305     9.7641     9.7641    14.1717
          KS      17.1033    17.1033    17.8212    17.8212    17.9310    19.5166    26.1583    26.4774
          KS      28.2323    28.2323    28.4606    28.4606
          KI      -3.9974    -1.3689     4.4506     4.4506     8.2078     9.8870     9.8870    14.2978
          KI      17.1033    17.1033    17.8756    17.8756    17.9310    19.5677    26.1583    26.4774
          KI      28.2323    28.2323    28.4606    28.4606

        KS       highest occupied, lowest unoccupied level (ev):     6.5463    7.1423
        KI[2nd]  highest occupied, lowest unoccupied level (ev):     5.6891    7.3195

     Writing all to output data dir /home/nicola/CODES/q-e-kcw/tempdir/Si_kcw.save/

     KCW          :      0.18s CPU      0.19s WALL

     INITIALIZATION: 

     init_vloc    :      0.00s CPU      0.00s WALL (       1 calls)
     init_us_1    :      0.00s CPU      0.00s WALL (       1 calls)





     h_psi        :      0.00s CPU      0.00s WALL (       8 calls)

     h_psi        :      0.00s CPU      0.00s WALL (       8 calls)
     add_vuspsi   :      0.00s CPU      0.00s WALL (       8 calls)



      General routines
     calbec       :      0.00s CPU      0.00s WALL (       8 calls)
     fft          :      0.11s CPU      0.11s WALL (      18 calls)
     ffts         :      0.01s CPU      0.01s WALL (     448 calls)
     fftw         :      0.00s CPU      0.00s WALL (     128 calls)
     davcio       :      0.00s CPU      0.00s WALL (     200 calls)


     KCW          :      0.18s CPU      0.24s WALL


   This run was terminated on:  16:19:20  24Oct2023            

=------------------------------------------------------------------------------=
   JOB DONE.
=------------------------------------------------------------------------------=
