
     =--------------------------------------------------------------------------------=
                      :::    :::           ::::::::         :::       ::: 
                     :+:   :+:           :+:    :+:        :+:       :+:  
                    +:+  +:+            +:+               +:+       +:+   
                   +#++:++             +#+               +#+  +:+  +#+    
                  +#+  +#+            +#+               +#+ +#+#+ +#+     
                 #+#   #+#           #+#    #+#         #+#+# #+#+#       
                ###    ###           ########           ###   ###         

       Koopmans functional implementation based on DFPT; please cite this program as

        N.Colonna, R. De Gennaro, E. Linscott, and N. Marzari, JCTC 18, 5435 (2022) 

                                                                                    

       If you use the non-collinear mode (with/without spin-orbit coupling) please cite

        A. Marrazzo and N. Colonna, Phys. Rev. Research 6, 033085 (2024)  
     =--------------------------------------------------------------------------------=

     Program KCW v.7.3.1 starts on 15Oct2024 at 17:50:19 
        Git branch: HPROJinDEV
        Last git commit: 9c907affac1a73d8be49d4e0825fc7ca8ee716f6-dirty
        Last git commit date: Tue Oct 15 17:08:56 2024 +0200
        Last git commit subject: Fix parallelization

     This program is part of the open-source Quantum ESPRESSO suite
     for quantum simulation of materials; please cite
         "P. Giannozzi et al., J. Phys.:Condens. Matter 21 395502 (2009);
         "P. Giannozzi et al., J. Phys.:Condens. Matter 29 465901 (2017);
         "P. Giannozzi et al., J. Chem. Phys. 152 154105 (2020);
          URL http://www.quantum-espresso.org", 
     in publications or presentations arising from this work. More details at
     http://www.quantum-espresso.org/quote

     Parallel version (MPI), running on     4 processors

     MPI processes distributed on     1 nodes
     R & G space division:  proc/nbgrp/npool/nimage =       4
     5326 MiB available memory on the printing compute node when the environment starts


     KCW INPUT SUMMARY 
     ============================================

      CONTROL 
       # title               =            KI H2O
       # out_dir             =/home/nicola/CODES
       # prefix              =                Si
       # calculation         =               ham
       # kcw_iverbosity      =                 1
       # kcw_at_ks           =                 F
       # MP grid             =     2     2     2
       # spin_component      =                 1
       # homo_only           =                 F
       # read_unitary_matrix =                 T
       # check_ks            =                 T
       # l_vcut              =                 F
       # assume_isolated     =              none
       # io_sp               =                 F
       # io_real_space       =                 F

      WANNIER 
       # seedname            =                Si
       # num_wann_occ        =                 4
       # num_wann_emp        =                 4
       # have_empty          =                 T
       # has_disentangle     =                 T
       # l_unique_manifold   =                 F

      HAM 
       # qp_symm             =                 F
       # kipz_corr           =                 F
       # MP grid             =     2     2     2
       # do_bands            =                 T
       # use_ws_distance     =                 T
       # write_hr            =                 T
       # l_alpha_corr        =                 F
       # on_site_only        =                 T
       # h_diag_scheme       =              uniq
       # which_odd           =               qki
     ============================================

     Message from routine kcw_readin:
     WARNING: "do_bands" ignored. Bands interpolation not available when h_proj=.TRUE. OR h_uniq=.TRUE.
     Message from routine kcw_readin:
     WARNING: "write_hr" ignored. H(R) not available when h_proj=.TRUE. OR h_uniq=.TRUE.
     INFO: Reading pwscf data

     Reading xml data from directory:

     /home/nicola/CODES/q-e-kcw/tempdir/Si.save/

     IMPORTANT: XC functional enforced from input :
     Exchange-correlation= PW
                           (   1   4   0   0   0   0   0)
     Any further DFT definition will be discarded
     Please, verify this is what you really want


     Parallelization info
     --------------------
     sticks:   dense  smooth     PW     G-vecs:    dense   smooth      PW
     Min          73      73     22                  821      821     152
     Max          74      74     23                  823      823     153
     Sum         295     295     91                 3287     3287     609

     Using Slab Decomposition

     Reading collected, re-writing distributed wavefunctions

     INFO: total number of primitive cell    8

     READING SCREENING PARAMETERS

     INFO: alphas read from:/home/nicola/CODES/q-e-kcw/tempdir/kcw/Si.alpha.dat                                                                                                                                                                                                             
     iwann =     1   alpha =      0.30564462
     iwann =     2   alpha =      0.30564467
     iwann =     3   alpha =      0.30564463
     iwann =     4   alpha =      0.30564465
     iwann =     5   alpha =      0.23808870
     iwann =     6   alpha =      0.23808935
     iwann =     7   alpha =      0.23808821
     iwann =     8   alpha =      0.23808886

     INFO: MLWF read from file:  Reading collected, re-writing distributed wavefunctions

        KS Hamiltonian calculation at k=      0.0000      0.0000      0.0000   ...    DONE 

        WANN      -5.7058     6.3432     6.3432     6.3432     8.7374     8.7374     8.7374     9.4921
        PWSCF     -5.7058     6.3432     6.3432     6.3432     8.7374     8.7374     8.7374     9.4921

        KS Hamiltonian calculation at k=     -0.5000      0.5000     -0.5000   ...    DONE 

        WANN      -3.3376    -0.7612     5.1093     5.1093     7.6771    11.9701    11.9701    15.2068
        PWSCF     -3.3376    -0.7612     5.1093     5.1093     7.6771     9.4935     9.4935    13.6075

        KS Hamiltonian calculation at k=      0.5000      0.5000      0.5000   ...    DONE 

        WANN      -3.3376    -0.7612     5.1093     5.1093     7.6771    11.9701    11.9701    15.2068
        PWSCF     -3.3376    -0.7612     5.1093     5.1093     7.6771     9.4935     9.4935    13.6075

        KS Hamiltonian calculation at k=      0.0000      1.0000      0.0000   ...    DONE 

        WANN      -1.5321    -1.5321     3.4046     3.4046     6.7657     6.7657    16.2469    16.2469
        PWSCF     -1.5321    -1.5321     3.4046     3.4046     6.7657     6.7657    16.2469    16.2469

        KS Hamiltonian calculation at k=     -0.5000     -0.5000      0.5000   ...    DONE 

        WANN      -3.3376    -0.7612     5.1093     5.1093     7.6771    11.9701    11.9701    15.2068
        PWSCF     -3.3376    -0.7612     5.1093     5.1093     7.6771     9.4935     9.4935    13.6075

        KS Hamiltonian calculation at k=     -1.0000      0.0000      0.0000   ...    DONE 

        WANN      -1.5321    -1.5321     3.4046     3.4046     6.7657     6.7657    16.2469    16.2469
        PWSCF     -1.5321    -1.5321     3.4046     3.4046     6.7657     6.7657    16.2469    16.2469

        KS Hamiltonian calculation at k=      0.0000      0.0000      1.0000   ...    DONE 

        WANN      -1.5321    -1.5321     3.4046     3.4046     6.7657     6.7657    16.2469    16.2469
        PWSCF     -1.5321    -1.5321     3.4046     3.4046     6.7657     6.7657    16.2469    16.2469

        KS Hamiltonian calculation at k=     -0.5000      0.5000      0.5000   ...    DONE 

        WANN      -3.3376    -0.7612     5.1093     5.1093     7.6771    11.9701    11.9701    15.2068
        PWSCF     -3.3376    -0.7612     5.1093     5.1093     7.6771     9.4935     9.4935    13.6075

     INFO: Coulomb q+G=0 treatment:
     INFO: Divergence            none    
     INFO: q-grid dimension         2   2   2
     INFO: cell volume               270.256360799503
     INFO: Gamma Extrapolation       F
     INFO: extrapolation q->0 term not estimated
     INFO: Bare Coulomb q+G=0            0.00000E+00

     INFO: READING Wannier-orbital Densities ...

        ==============================================================================
        iq =     1
        The  Wannier density at  q =    0.0000000   0.0000000   0.0000000  [Cart ]
        The  Wannier density at  q =    0.0000000   0.0000000   0.0000000  [Cryst]
        ==============================================================================


        ==============================================================================
        iq =     2
        The  Wannier density at  q =   -0.5000000   0.5000000  -0.5000000  [Cart ]
        The  Wannier density at  q =    0.0000000   0.0000000   0.5000000  [Cryst]
        ==============================================================================


        ==============================================================================
        iq =     3
        The  Wannier density at  q =    0.5000000   0.5000000   0.5000000  [Cart ]
        The  Wannier density at  q =    0.0000000   0.5000000   0.0000000  [Cryst]
        ==============================================================================


        ==============================================================================
        iq =     4
        The  Wannier density at  q =    0.0000000   1.0000000   0.0000000  [Cart ]
        The  Wannier density at  q =    0.0000000   0.5000000   0.5000000  [Cryst]
        ==============================================================================


        ==============================================================================
        iq =     5
        The  Wannier density at  q =   -0.5000000  -0.5000000   0.5000000  [Cart ]
        The  Wannier density at  q =    0.5000000   0.0000000   0.0000000  [Cryst]
        ==============================================================================


        ==============================================================================
        iq =     6
        The  Wannier density at  q =   -1.0000000   0.0000000   0.0000000  [Cart ]
        The  Wannier density at  q =    0.5000000   0.0000000   0.5000000  [Cryst]
        ==============================================================================


        ==============================================================================
        iq =     7
        The  Wannier density at  q =    0.0000000   0.0000000   1.0000000  [Cart ]
        The  Wannier density at  q =    0.5000000   0.5000000   0.0000000  [Cryst]
        ==============================================================================


        ==============================================================================
        iq =     8
        The  Wannier density at  q =   -0.5000000   0.5000000   0.5000000  [Cart ]
        The  Wannier density at  q =    0.5000000   0.5000000   0.5000000  [Cryst]
        ==============================================================================

     INFO: total number of wannier to compute    8 from     1 to     8
     INFO: PREPARING THE KCW CALCULATION ... DONE



     INFO: qKI calcualtion: quadratic Hamiltonian ... 


     INFO: Skipping off-diag: only R=0 and i=j

     INFO: KC SCALAR TERM CALCULATION ... START

     INFO: KC SCALAR TERM CALCULATION ... END

     total cpu time spent up to now is        0.2 secs

     INFO: BUILD and DIAGONALIZE the KI HAMILTONIAN
     INFO: Unique Hamiltonian scheme using projectors:
           build and diagonalize the KI Hamiltonian on
           the basis of KS orbitals

          k = 0.0000 0.0000 0.0000     band energies (ev):

          KS      -5.7058     6.3432     6.3432     6.3432     8.7374     8.7374     8.7374     9.4921
          KS      13.7955    13.9922    13.9922    17.2316    17.2316    17.2316    21.1239    29.3732
          KS      29.3732    29.3732    30.5347    30.5347
          KI      -6.5782     5.4709     5.4709     5.4709     8.9472     8.9472     8.9472     9.7019
          KI      13.7955    13.9922    13.9922    17.2316    17.2316    17.2316    21.1239    29.3732
          KI      29.3732    29.3732    30.5347    30.5347
          pKI     -6.5782     5.4709     5.4709     5.4709     8.9472     8.9472     8.9472     9.7019
          pKI     13.7955    13.9922    13.9922    17.2316    17.2316    17.2316    21.1239    29.3732
          pKI     29.3732    29.3732    30.5347    30.5347
          total cpu time spent up to now is        0.2 secs

          k =-0.5000 0.5000-0.5000     band energies (ev):

          KS      -3.3376    -0.7612     5.1093     5.1093     7.6771     9.4935     9.4935    13.6075
          KS      16.8413    16.8413    17.4047    17.5078    17.5078    19.0376    25.5733    26.0298
          KS      27.7389    27.7389    28.0391    28.0391
          KI      -4.2099    -1.6336     4.2369     4.2369     7.8868     9.6372     9.6372    13.7538
          KI      16.8413    16.8413    17.4047    17.5738    17.5738    19.1010    25.5733    26.0298
          KI      27.7389    27.7389    28.0391    28.0391
          pKI     -4.2099    -1.6336     4.2369     4.2369     7.8868     9.6384     9.6384    13.7555
          pKI     16.8413    16.8413    17.4047    17.5726    17.5726    19.0993    25.5733    26.0298
          pKI     27.7389    27.7389    28.0391    28.0391
          total cpu time spent up to now is        0.2 secs

          k = 0.5000 0.5000 0.5000     band energies (ev):

          KS      -3.3376    -0.7612     5.1093     5.1093     7.6771     9.4935     9.4935    13.6075
          KS      16.8413    16.8413    17.4047    17.5078    17.5078    19.0376    25.5733    26.0298
          KS      27.7389    27.7389    28.0391    28.0391
          KI      -4.2099    -1.6336     4.2369     4.2369     7.8868     9.6372     9.6372    13.7538
          KI      16.8413    16.8413    17.4047    17.5738    17.5738    19.1010    25.5733    26.0298
          KI      27.7389    27.7389    28.0391    28.0391
          pKI     -4.2099    -1.6336     4.2369     4.2369     7.8868     9.6384     9.6384    13.7555
          pKI     16.8413    16.8413    17.4047    17.5726    17.5726    19.0993    25.5733    26.0298
          pKI     27.7389    27.7389    28.0391    28.0391
          total cpu time spent up to now is        0.2 secs

          k = 0.0000 1.0000 0.0000     band energies (ev):

          KS      -1.5321    -1.5321     3.4046     3.4046     6.7657     6.7657    16.2469    16.2469
          KS      17.3217    17.3217    18.8315    18.8315    19.0993    19.0993    24.9582    24.9582
          KS      25.6595    25.6595    26.3238    26.3238
          KI      -2.4045    -2.4045     2.5322     2.5322     6.9754     6.9754    16.4566    16.4566
          KI      17.3217    17.3217    18.8315    18.8315    19.0993    19.0993    24.9582    24.9582
          KI      25.6595    25.6595    26.3238    26.3238
          pKI     -2.4045    -2.4045     2.5322     2.5322     6.9754     6.9754    16.4566    16.4566
          pKI     17.3217    17.3217    18.8315    18.8315    19.0993    19.0993    24.9582    24.9582
          pKI     25.6595    25.6595    26.3238    26.3238
          total cpu time spent up to now is        0.2 secs

          k =-0.5000-0.5000 0.5000     band energies (ev):

          KS      -3.3376    -0.7612     5.1093     5.1093     7.6771     9.4935     9.4935    13.6075
          KS      16.8413    16.8413    17.4047    17.5078    17.5078    19.0376    25.5733    26.0298
          KS      27.7389    27.7389    28.0391    28.0391
          KI      -4.2099    -1.6336     4.2369     4.2369     7.8868     9.6372     9.6372    13.7538
          KI      16.8413    16.8413    17.4047    17.5738    17.5738    19.1010    25.5733    26.0298
          KI      27.7389    27.7389    28.0391    28.0391
          pKI     -4.2099    -1.6336     4.2369     4.2369     7.8868     9.6384     9.6384    13.7555
          pKI     16.8413    16.8413    17.4047    17.5726    17.5726    19.0993    25.5733    26.0298
          pKI     27.7389    27.7389    28.0391    28.0391
          total cpu time spent up to now is        0.2 secs

          k =-1.0000 0.0000 0.0000     band energies (ev):

          KS      -1.5321    -1.5321     3.4046     3.4046     6.7657     6.7657    16.2469    16.2469
          KS      17.3217    17.3217    18.8315    18.8315    19.0992    19.0993    24.9582    24.9582
          KS      25.6595    25.6595    26.3238    26.3238
          KI      -2.4045    -2.4045     2.5322     2.5322     6.9754     6.9754    16.4566    16.4566
          KI      17.3217    17.3217    18.8315    18.8315    19.0992    19.0993    24.9582    24.9582
          KI      25.6595    25.6595    26.3238    26.3238
          pKI     -2.4045    -2.4045     2.5322     2.5322     6.9754     6.9754    16.4566    16.4566
          pKI     17.3217    17.3217    18.8315    18.8315    19.0992    19.0993    24.9582    24.9582
          pKI     25.6595    25.6595    26.3238    26.3238
          total cpu time spent up to now is        0.2 secs

          k = 0.0000 0.0000 1.0000     band energies (ev):

          KS      -1.5321    -1.5321     3.4046     3.4046     6.7657     6.7657    16.2469    16.2469
          KS      17.3217    17.3217    18.8315    18.8315    19.0992    19.0993    24.9582    24.9582
          KS      25.6595    25.6595    26.3237    26.3238
          KI      -2.4045    -2.4045     2.5322     2.5322     6.9754     6.9754    16.4566    16.4566
          KI      17.3217    17.3217    18.8315    18.8315    19.0992    19.0993    24.9582    24.9582
          KI      25.6595    25.6595    26.3237    26.3238
          pKI     -2.4045    -2.4045     2.5322     2.5322     6.9754     6.9754    16.4566    16.4566
          pKI     17.3217    17.3217    18.8315    18.8315    19.0992    19.0993    24.9582    24.9582
          pKI     25.6595    25.6595    26.3237    26.3238
          total cpu time spent up to now is        0.2 secs

          k =-0.5000 0.5000 0.5000     band energies (ev):

          KS      -3.3376    -0.7612     5.1093     5.1093     7.6771     9.4935     9.4935    13.6075
          KS      16.8413    16.8413    17.4047    17.5078    17.5078    19.0376    25.5733    26.0298
          KS      27.7389    27.7389    28.0391    28.0391
          KI      -4.2099    -1.6336     4.2369     4.2369     7.8868     9.6372     9.6372    13.7538
          KI      16.8413    16.8413    17.4047    17.5738    17.5738    19.1010    25.5733    26.0298
          KI      27.7389    27.7389    28.0391    28.0391
          pKI     -4.2099    -1.6336     4.2369     4.2369     7.8868     9.6384     9.6384    13.7555
          pKI     16.8413    16.8413    17.4047    17.5726    17.5726    19.0993    25.5733    26.0298
          pKI     27.7389    27.7389    28.0391    28.0391
          total cpu time spent up to now is        0.2 secs

        KS  highest occupied, lowest unoccupied level (ev):     6.3432    6.7657
        KI  highest occupied, lowest unoccupied level (ev):     5.4709    6.9754
        pKI highest occupied, lowest unoccupied level (ev):     5.4709    6.9754

     Writing all to output data dir /home/nicola/CODES/q-e-kcw/tempdir/Si_kcw_uniq-H.save/ :
     XML data file, pseudopotentials, collected wavefunctions

     KCW          :      0.19s CPU      0.19s WALL

     INITIALIZATION: 

     init_vloc    :      0.00s CPU      0.00s WALL (       1 calls)
     init_us_1    :      0.00s CPU      0.00s WALL (       1 calls)





     h_psi        :      0.00s CPU      0.00s WALL (       8 calls)

     h_psi        :      0.00s CPU      0.00s WALL (       8 calls)
     add_vuspsi   :      0.00s CPU      0.00s WALL (       8 calls)



      General routines
     calbec       :      0.00s CPU      0.00s WALL (       8 calls)
     fft          :      0.11s CPU      0.11s WALL (       5 calls)
     ffts         :      0.02s CPU      0.02s WALL (     512 calls)
     fftw         :      0.00s CPU      0.00s WALL (     128 calls)
     davcio       :      0.00s CPU      0.00s WALL (      80 calls)


     KCW          :      0.19s CPU      0.24s WALL


   This run was terminated on:  17:50:19  15Oct2024            

=------------------------------------------------------------------------------=
   JOB DONE.
=------------------------------------------------------------------------------=
