
     =--------------------------------------------------------------------------------=
                      :::    :::           ::::::::         :::       ::: 
                     :+:   :+:           :+:    :+:        :+:       :+:  
                    +:+  +:+            +:+               +:+       +:+   
                   +#++:++             +#+               +#+  +:+  +#+    
                  +#+  +#+            +#+               +#+ +#+#+ +#+     
                 #+#   #+#           #+#    #+#         #+#+# #+#+#       
                ###    ###           ########           ###   ###         

       Koopmans functional implementation based on DFPT; please cite this program as

          N.Colonna, R. De Gannaro, E. Linscott, and N. Marzari, arXiv:2202.08155   
     =--------------------------------------------------------------------------------=

     Program KCW v.7.1 starts on 30Aug2022 at 21:27:34 

     This program is part of the open-source Quantum ESPRESSO suite
     for quantum simulation of materials; please cite
         "P. Giannozzi et al., J. Phys.:Condens. Matter 21 395502 (2009);
         "P. Giannozzi et al., J. Phys.:Condens. Matter 29 465901 (2017);
         "P. Giannozzi et al., J. Chem. Phys. 152 154105 (2020);
          URL http://www.quantum-espresso.org", 
     in publications or presentations arising from this work. More details at
     http://www.quantum-espresso.org/quote

     Parallel version (MPI), running on     4 processors

     MPI processes distributed on     1 nodes
     R & G space division:  proc/nbgrp/npool/nimage =       4
     333 MiB available memory on the printing compute node when the environment starts
 

     KCW INPUT SUMMARY 
     ============================================

      CONTROL 
       # title               =            KI H2O
       # out_dir             =/home/nicola/Scriv
       # prefix              =                Si
       # calculation         =               ham
       # kcw_iverbosity      =                 1
       # kcw_at_ks           =                 F
       # spin_component      =                 1
       # homo_only           =                 F
       # read_unitary_matrix =                 T
       # check_ks            =                 T
       # l_vcut              =                 F
       # assume_isolated     =              none

      WANNIER 
       # seedname            =                Si
       # num_wann_occ        =                 4
       # num_wann_emp        =                 4
       # have_empty          =                 T
       # has_disentangle     =                 T
       # l_unique_manifold   =                 F

      HAM 
       # qp_symm             =                 F
       # kipz_corr           =                 F
       # MP grid             =     2     2     2
       # do_bands            =                 F
       # use_ws_distance     =                 T
       # write_hr            =                 T
       # l_alpha_corr        =                 F
       # on_site_only        =                 T
     ============================================

     INFO: Reading pwscf data

     Reading xml data from directory:

     /home/nicola/Scrivania/CODES/git/q-e-kcw/tempdir/Si.save/

     IMPORTANT: XC functional enforced from input :
     Exchange-correlation= PBE
                           (   1   4   3   4   0   0   0)
     Any further DFT definition will be discarded
     Please, verify this is what you really want

 
     Parallelization info
     --------------------
     sticks:   dense  smooth     PW     G-vecs:    dense   smooth      PW
     Min          73      73     22                  821      821     152
     Max          74      74     23                  823      823     153
     Sum         295     295     91                 3287     3287     609
 
     Using Slab Decomposition
 
     Reading collected, re-writing distributed wavefunctions

     INFO: total number of primitive cell    8

     READING SCREENING PARAMETERS

     INFO: alphas read from:file_alpharef.txt                                                                                                                                                                                                                                               
     iwann =     1   alpha =      0.30362271
     iwann =     2   alpha =      0.30362288
     iwann =     3   alpha =      0.30362282
     iwann =     4   alpha =      0.30362280
     iwann =     5   alpha =      0.20659984
     iwann =     6   alpha =      0.20660016
     iwann =     7   alpha =      0.20660004
     iwann =     8   alpha =      0.20660001

     INFO: MLWF read from file: Reading collected, re-writing distributed wavefunctions

        KS Hamiltonian calculation at k=      0.0000      0.0000      0.0000   ...    DONE 

        WANN      -5.4905     6.5463     6.5463     6.5463     9.9710     9.9710     9.9710    10.0101
        PWSCF     -5.4905     6.5463     6.5463     6.5463     8.9866     8.9866     8.9866     9.8775

        KS Hamiltonian calculation at k=     -0.5000      0.5000     -0.5000   ...    DONE 

        WANN      -3.1401    -0.5116     5.3079     5.3079     8.7454    12.5388    12.5388    15.5129
        PWSCF     -3.1401    -0.5116     5.3079     5.3079     8.0305     9.7641     9.7641    14.1717

        KS Hamiltonian calculation at k=      0.5000      0.5000      0.5000   ...    DONE 

        WANN      -3.1401    -0.5116     5.3079     5.3079     8.7454    12.5388    12.5388    15.5129
        PWSCF     -3.1401    -0.5116     5.3079     5.3079     8.0305     9.7641     9.7641    14.1717

        KS Hamiltonian calculation at k=      0.0000      1.0000      0.0000   ...    DONE 

        WANN      -1.3252    -1.3252     3.6152     3.6152     7.1423     7.1423    16.7079    16.7079
        PWSCF     -1.3252    -1.3252     3.6152     3.6152     7.1423     7.1423    16.6030    16.6030

        KS Hamiltonian calculation at k=     -0.5000     -0.5000      0.5000   ...    DONE 

        WANN      -3.1401    -0.5116     5.3079     5.3079     8.7454    12.5388    12.5388    15.5129
        PWSCF     -3.1401    -0.5116     5.3079     5.3079     8.0305     9.7641     9.7641    14.1717

        KS Hamiltonian calculation at k=     -1.0000      0.0000      0.0000   ...    DONE 

        WANN      -1.3252    -1.3252     3.6152     3.6152     7.1423     7.1423    16.7079    16.7079
        PWSCF     -1.3252    -1.3252     3.6152     3.6152     7.1423     7.1423    16.6030    16.6030

        KS Hamiltonian calculation at k=      0.0000      0.0000      1.0000   ...    DONE 

        WANN      -1.3252    -1.3252     3.6152     3.6152     7.1423     7.1423    16.7079    16.7079
        PWSCF     -1.3252    -1.3252     3.6152     3.6152     7.1423     7.1423    16.6030    16.6030

        KS Hamiltonian calculation at k=     -0.5000      0.5000      0.5000   ...    DONE 

        WANN      -3.1401    -0.5116     5.3079     5.3079     8.7454    12.5388    12.5388    15.5129
        PWSCF     -3.1401    -0.5116     5.3079     5.3079     8.0305     9.7641     9.7641    14.1717

     INFO: Coulomb q+G=0 treatment:
     INFO: Divergence            none    
     INFO: q-grid dimension         2   2   2
     INFO: cell volume               270.256360799503
     INFO: Gamma Extrapolation       F
     INFO: extrapolation q->0 term not estimated
     INFO: Bare Coulomb q+G=0            0.00000E+00

     INFO: READING Wannier-orbital Densities ...

        ==============================================================================
        iq =     1
        The  Wannier density at  q =    0.0000000   0.0000000   0.0000000  [Cart ]
        The  Wannier density at  q =    0.0000000   0.0000000   0.0000000  [Cryst]
        ==============================================================================


        ==============================================================================
        iq =     2
        The  Wannier density at  q =   -0.5000000   0.5000000  -0.5000000  [Cart ]
        The  Wannier density at  q =    0.0000000   0.0000000   0.5000000  [Cryst]
        ==============================================================================


        ==============================================================================
        iq =     3
        The  Wannier density at  q =    0.5000000   0.5000000   0.5000000  [Cart ]
        The  Wannier density at  q =    0.0000000   0.5000000   0.0000000  [Cryst]
        ==============================================================================


        ==============================================================================
        iq =     4
        The  Wannier density at  q =    0.0000000   1.0000000   0.0000000  [Cart ]
        The  Wannier density at  q =    0.0000000   0.5000000   0.5000000  [Cryst]
        ==============================================================================


        ==============================================================================
        iq =     5
        The  Wannier density at  q =   -0.5000000  -0.5000000   0.5000000  [Cart ]
        The  Wannier density at  q =    0.5000000   0.0000000   0.0000000  [Cryst]
        ==============================================================================


        ==============================================================================
        iq =     6
        The  Wannier density at  q =   -1.0000000   0.0000000   0.0000000  [Cart ]
        The  Wannier density at  q =    0.5000000   0.0000000   0.5000000  [Cryst]
        ==============================================================================


        ==============================================================================
        iq =     7
        The  Wannier density at  q =    0.0000000   0.0000000   1.0000000  [Cart ]
        The  Wannier density at  q =    0.5000000   0.5000000   0.0000000  [Cryst]
        ==============================================================================


        ==============================================================================
        iq =     8
        The  Wannier density at  q =   -0.5000000   0.5000000   0.5000000  [Cart ]
        The  Wannier density at  q =    0.5000000   0.5000000   0.5000000  [Cryst]
        ==============================================================================

     INFO: total number of wannier to compute    8 from     1 to     8
     INFO: PREPARING THE KCW CALCULATION ... DONE



     INFO: Skipping off-diag: only R=0 and i=j

     INFO: KC SCALAR TERM CALCULATION ... START

     INFO: KC SCALAR TERM CALCULATION ... END

          k = 0.0000 0.0000 0.0000     band energies (ev):

          KS      -5.4905     6.5463     6.5463     6.5463     9.9710     9.9710     9.9710    10.0101
          KI      -6.3478     5.6891     5.6891     5.6891    10.1503    10.1503    10.1503    10.1894

          k =-0.5000 0.5000-0.5000     band energies (ev):

          KS      -3.1401    -0.5116     5.3079     5.3079     8.7454    12.5388    12.5388    15.5129
          KI      -3.9974    -1.3689     4.4506     4.4506     8.9247    12.7181    12.7181    15.6922

          k = 0.5000 0.5000 0.5000     band energies (ev):

          KS      -3.1401    -0.5116     5.3079     5.3079     8.7454    12.5388    12.5388    15.5129
          KI      -3.9974    -1.3689     4.4506     4.4506     8.9247    12.7181    12.7181    15.6922

          k = 0.0000 1.0000 0.0000     band energies (ev):

          KS      -1.3252    -1.3252     3.6152     3.6152     7.1423     7.1423    16.7079    16.7079
          KI      -2.1824    -2.1824     2.7579     2.7579     7.3215     7.3215    16.8872    16.8872

          k =-0.5000-0.5000 0.5000     band energies (ev):

          KS      -3.1401    -0.5116     5.3079     5.3079     8.7454    12.5388    12.5388    15.5129
          KI      -3.9974    -1.3689     4.4506     4.4506     8.9247    12.7181    12.7181    15.6922

          k =-1.0000 0.0000 0.0000     band energies (ev):

          KS      -1.3252    -1.3252     3.6152     3.6152     7.1423     7.1423    16.7079    16.7079
          KI      -2.1824    -2.1824     2.7579     2.7579     7.3215     7.3215    16.8872    16.8872

          k = 0.0000 0.0000 1.0000     band energies (ev):

          KS      -1.3252    -1.3252     3.6152     3.6152     7.1423     7.1423    16.7079    16.7079
          KI      -2.1824    -2.1824     2.7579     2.7579     7.3215     7.3215    16.8872    16.8872

          k =-0.5000 0.5000 0.5000     band energies (ev):

          KS      -3.1401    -0.5116     5.3079     5.3079     8.7454    12.5388    12.5388    15.5129
          KI      -3.9974    -1.3689     4.4506     4.4506     8.9247    12.7181    12.7181    15.6922

        KS       highest occupied, lowest unoccupied level (ev):     6.5463    7.1423
        KI[2nd]  highest occupied, lowest unoccupied level (ev):     5.6891    7.3215

     Writing all to output data dir /home/nicola/Scrivania/CODES/git/q-e-kcw/tempdir/Si_kcw.save/
 
     KCW          :      0.09s CPU      0.15s WALL

     INITIALIZATION: 
 
     init_vloc    :      0.00s CPU      0.00s WALL (       1 calls)
     init_us_1    :      0.00s CPU      0.00s WALL (       1 calls)
 
 
 
 
 
     h_psi        :      0.01s CPU      0.01s WALL (       8 calls)
 
     h_psi        :      0.01s CPU      0.01s WALL (       8 calls)
     add_vuspsi   :      0.00s CPU      0.00s WALL (       8 calls)
 
 
 
      General routines
     calbec       :      0.00s CPU      0.00s WALL (       8 calls)
     fft          :      0.00s CPU      0.00s WALL (      18 calls)
     ffts         :      0.02s CPU      0.02s WALL (     448 calls)
     fftw         :      0.01s CPU      0.01s WALL (     128 calls)
     davcio       :      0.01s CPU      0.01s WALL (      72 calls)
 
 
     KCW          :      0.09s CPU      0.15s WALL

 
   This run was terminated on:  21:27:34  30Aug2022            

=------------------------------------------------------------------------------=
   JOB DONE.
=------------------------------------------------------------------------------=
