
     =--------------------------------------------------------------------------------=
                      :::    :::           ::::::::         :::       ::: 
                     :+:   :+:           :+:    :+:        :+:       :+:  
                    +:+  +:+            +:+               +:+       +:+   
                   +#++:++             +#+               +#+  +:+  +#+    
                  +#+  +#+            +#+               +#+ +#+#+ +#+     
                 #+#   #+#           #+#    #+#         #+#+# #+#+#       
                ###    ###           ########           ###   ###         

       Koopmans functional implementation based on DFPT; please cite this program as

        N.Colonna, R. De Gennaro, E. Linscott, and N. Marzari, JCTC 18, 5435 (2022) 

                                                                                    

       If you use the non-collinear mode (with/without spin-orbit coupling) please cite

        A. Marrazzo and N. Colonna, Phys. Rev. Research 6, 033085 (2024)  
     =--------------------------------------------------------------------------------=

     Program KCW v.7.3.1 starts on  7Oct2024 at 15:51:23 
        Git branch: develop
        Last git commit: 14be3366ece7f014e5ee010d1559762818bd222f-dirty
        Last git commit date: Tue Oct 1 08:55:08 2024 +0000
        Last git commit subject: Merge branch 'develop' into 'develop'

     This program is part of the open-source Quantum ESPRESSO suite
     for quantum simulation of materials; please cite
         "P. Giannozzi et al., J. Phys.:Condens. Matter 21 395502 (2009);
         "P. Giannozzi et al., J. Phys.:Condens. Matter 29 465901 (2017);
         "P. Giannozzi et al., J. Chem. Phys. 152 154105 (2020);
          URL http://www.quantum-espresso.org", 
     in publications or presentations arising from this work. More details at
     http://www.quantum-espresso.org/quote

     Parallel version (MPI), running on     4 processors

     MPI processes distributed on     1 nodes
     R & G space division:  proc/nbgrp/npool/nimage =       4
     9335 MiB available memory on the printing compute node when the environment starts
 

     KCW INPUT SUMMARY 
     ============================================

      CONTROL 
       # title               =KCW H2O KI hamilto
       # out_dir             =/home/colonna_n/CO
       # prefix              =              c6h6
       # calculation         =            screen
       # kcw_iverbosity      =                 1
       # kcw_at_ks           =                 F
       # MP grid             =     1     1     1
       # spin_component      =                 1
       # homo_only           =                 F
       # read_unitary_matrix =                 T
       # check_ks            =                 T
       # l_vcut              =                 F
       # assume_isolated     =                mt
       # io_sp               =                 F
       # io_real_space       =                 F

      WANNIER 
       # seedname            =              c6h6
       # num_wann_occ        =                15
       # have_empty          =                 F
       # has_disentangle     =                 F
       # l_unique_manifold   =                 F

      SCREEN 
       # lrpa                =                 F
       # tr2                 =        0.1000E-17
       # niter               =                33
       # nmix                =                 4
       # eps_inf             =        0.1000E+01
       # check_spread        =                 F
     ============================================

     INFO: Reading pwscf data

     Reading xml data from directory:

     /home/colonna_n/CODES/q-e-kcw/tempdir/c6h6.save/

     IMPORTANT: XC functional enforced from input :
     Exchange-correlation= PW
                           (   1   4   0   0   0   0   0)
     Any further DFT definition will be discarded
     Please, verify this is what you really want

 
     Parallelization info
     --------------------
     sticks:   dense  smooth     PW     G-vecs:    dense   smooth      PW
     Min         808     808    199                34386    34386    4268
     Max         809     809    200                34387    34387    4271
     Sum        3233    3233    797               137545   137545   17077
 
     Using Slab Decomposition
 
     Reading collected, re-writing distributed wavefunctions

     INFO: Coulomb kernel treated according to MT scheme

     INFO: READING Wannier-orbital Densities ...

        ==============================================================================
        iq =     1
        The  Wannier density at  q =    0.0000000   0.0000000   0.0000000  [Cart ]
        The  Wannier density at  q =    0.0000000   0.0000000   0.0000000  [Cryst]
        ==============================================================================

     INFO: total number of wannier to compute   15 from     1 to    15

     INFO: PREPARING THE KCW CALCULATION ... DONE




     INFO: LR CALCULATION ...


     ==============================================================================
     Calculation of q =    0.0000000   0.0000000   0.0000000  [Cart ]
     Calculation of q =    0.0000000   0.0000000   0.0000000  [Cryst]
     ==============================================================================

        INFO: prepare_q DONE

        INFO: rhowan_q(r) RETRIEVED

        INFO: kcw_q initialization DONE

weight =    1  1.00000000

        Start linear response calculation for the wannier #  1    spin =  1

      iter #   1 total cpu time :     2.5 secs   av.it.:  17.0
      thresh= 1.000E-06 alpha_mix =  0.700 |ddv_scf|^2 =  1.466E-08

      iter #   2 total cpu time :     4.2 secs   av.it.:  17.0
      thresh= 1.000E-06 alpha_mix =  0.700 |ddv_scf|^2 =  2.852E-08

      iter #   3 total cpu time :     5.8 secs   av.it.:  16.0
      thresh= 1.000E-06 alpha_mix =  0.700 |ddv_scf|^2 =  3.445E-10

      iter #   4 total cpu time :     7.4 secs   av.it.:  16.0
      thresh= 1.856E-07 alpha_mix =  0.700 |ddv_scf|^2 =  1.866E-12

      iter #   5 total cpu time :     9.0 secs   av.it.:  17.0
      thresh= 1.366E-08 alpha_mix =  0.700 |ddv_scf|^2 =  2.029E-13

      iter #   6 total cpu time :    10.6 secs   av.it.:  17.0
      thresh= 4.504E-09 alpha_mix =  0.700 |ddv_scf|^2 =  2.535E-14

      iter #   7 total cpu time :    12.3 secs   av.it.:  17.0
      thresh= 1.592E-09 alpha_mix =  0.700 |ddv_scf|^2 =  3.853E-15

      iter #   8 total cpu time :    14.3 secs   av.it.:  17.0
      thresh= 6.207E-10 alpha_mix =  0.700 |ddv_scf|^2 =  2.843E-16

      iter #   9 total cpu time :    16.1 secs   av.it.:  17.0
      thresh= 1.686E-10 alpha_mix =  0.700 |ddv_scf|^2 =  1.348E-16

      iter #  10 total cpu time :    17.9 secs   av.it.:  17.0
      thresh= 1.161E-10 alpha_mix =  0.700 |ddv_scf|^2 =  7.430E-18

      iter #  11 total cpu time :    19.7 secs   av.it.:  17.5
      thresh= 2.726E-11 alpha_mix =  0.700 |ddv_scf|^2 =  4.110E-18

      iter #  12 total cpu time :    21.4 secs   av.it.:  17.0
      thresh= 2.027E-11 alpha_mix =  0.700 |ddv_scf|^2 =  9.159E-19

        iq =   1   iwann =   1   rPi_q =     0.57113848     0.00000000   rPi_q_RS =     0.57113850     0.00000000   uPi_q =     0.95241415     0.00000000   Self Hartree =     0.53589495     0.00000000

        Start linear response calculation for the wannier #  2    spin =  1

      iter #   1 total cpu time :    23.2 secs   av.it.:  17.0
      thresh= 1.000E-06 alpha_mix =  0.700 |ddv_scf|^2 =  1.482E-08

      iter #   2 total cpu time :    25.0 secs   av.it.:  17.0
      thresh= 1.000E-06 alpha_mix =  0.700 |ddv_scf|^2 =  2.903E-08

      iter #   3 total cpu time :    26.7 secs   av.it.:  16.0
      thresh= 1.000E-06 alpha_mix =  0.700 |ddv_scf|^2 =  3.398E-10

      iter #   4 total cpu time :    28.4 secs   av.it.:  16.0
      thresh= 1.843E-07 alpha_mix =  0.700 |ddv_scf|^2 =  1.765E-12

      iter #   5 total cpu time :    30.1 secs   av.it.:  17.0
      thresh= 1.328E-08 alpha_mix =  0.700 |ddv_scf|^2 =  1.993E-13

      iter #   6 total cpu time :    31.9 secs   av.it.:  17.0
      thresh= 4.464E-09 alpha_mix =  0.700 |ddv_scf|^2 =  2.414E-14

      iter #   7 total cpu time :    33.6 secs   av.it.:  17.0
      thresh= 1.554E-09 alpha_mix =  0.700 |ddv_scf|^2 =  3.540E-15

      iter #   8 total cpu time :    35.4 secs   av.it.:  17.0
      thresh= 5.950E-10 alpha_mix =  0.700 |ddv_scf|^2 =  2.943E-16

      iter #   9 total cpu time :    37.2 secs   av.it.:  17.0
      thresh= 1.716E-10 alpha_mix =  0.700 |ddv_scf|^2 =  1.267E-16

      iter #  10 total cpu time :    39.0 secs   av.it.:  17.0
      thresh= 1.126E-10 alpha_mix =  0.700 |ddv_scf|^2 =  6.389E-18

      iter #  11 total cpu time :    40.7 secs   av.it.:  17.0
      thresh= 2.528E-11 alpha_mix =  0.700 |ddv_scf|^2 =  3.017E-18

      iter #  12 total cpu time :    42.4 secs   av.it.:  17.0
      thresh= 1.737E-11 alpha_mix =  0.700 |ddv_scf|^2 =  1.027E-18

      iter #  13 total cpu time :    44.2 secs   av.it.:  18.0
      thresh= 1.014E-11 alpha_mix =  0.700 |ddv_scf|^2 =  4.517E-20

        iq =   1   iwann =   2   rPi_q =     0.56954370    -0.00000000   rPi_q_RS =     0.56954372    -0.00000000   uPi_q =     0.94897570     0.00000000   Self Hartree =     0.53295438    -0.00000000

        Start linear response calculation for the wannier #  3    spin =  1

      iter #   1 total cpu time :    45.8 secs   av.it.:  16.0
      thresh= 1.000E-06 alpha_mix =  0.700 |ddv_scf|^2 =  2.248E-08

      iter #   2 total cpu time :    47.4 secs   av.it.:  16.0
      thresh= 1.000E-06 alpha_mix =  0.700 |ddv_scf|^2 =  4.670E-08

      iter #   3 total cpu time :    48.9 secs   av.it.:  15.0
      thresh= 1.000E-06 alpha_mix =  0.700 |ddv_scf|^2 =  4.329E-10

      iter #   4 total cpu time :    50.4 secs   av.it.:  15.0
      thresh= 2.081E-07 alpha_mix =  0.700 |ddv_scf|^2 =  1.513E-12

      iter #   5 total cpu time :    51.9 secs   av.it.:  16.0
      thresh= 1.230E-08 alpha_mix =  0.700 |ddv_scf|^2 =  3.998E-13

      iter #   6 total cpu time :    53.3 secs   av.it.:  15.0
      thresh= 6.323E-09 alpha_mix =  0.700 |ddv_scf|^2 =  1.440E-14

      iter #   7 total cpu time :    54.8 secs   av.it.:  15.5
      thresh= 1.200E-09 alpha_mix =  0.700 |ddv_scf|^2 =  1.419E-15

      iter #   8 total cpu time :    56.6 secs   av.it.:  16.0
      thresh= 3.767E-10 alpha_mix =  0.700 |ddv_scf|^2 =  9.689E-17

      iter #   9 total cpu time :    58.2 secs   av.it.:  16.5
      thresh= 9.843E-11 alpha_mix =  0.700 |ddv_scf|^2 =  6.921E-18

      iter #  10 total cpu time :    59.9 secs   av.it.:  17.0
      thresh= 2.631E-11 alpha_mix =  0.700 |ddv_scf|^2 =  3.713E-18

      iter #  11 total cpu time :    61.6 secs   av.it.:  17.0
      thresh= 1.927E-11 alpha_mix =  0.700 |ddv_scf|^2 =  1.275E-18

      iter #  12 total cpu time :    63.2 secs   av.it.:  17.0
      thresh= 1.129E-11 alpha_mix =  0.700 |ddv_scf|^2 =  6.807E-20

        iq =   1   iwann =   3   rPi_q =     0.66988640    -0.00000000   rPi_q_RS =     0.66988643    -0.00000000   uPi_q =     1.23286026     0.00000000   Self Hartree =     0.70275221     0.00000000

        Start linear response calculation for the wannier #  4    spin =  1

      iter #   1 total cpu time :    64.9 secs   av.it.:  16.5
      thresh= 1.000E-06 alpha_mix =  0.700 |ddv_scf|^2 =  2.332E-08

      iter #   2 total cpu time :    66.5 secs   av.it.:  17.0
      thresh= 1.000E-06 alpha_mix =  0.700 |ddv_scf|^2 =  4.881E-08

      iter #   3 total cpu time :    68.2 secs   av.it.:  16.0
      thresh= 1.000E-06 alpha_mix =  0.700 |ddv_scf|^2 =  4.163E-10

      iter #   4 total cpu time :    69.9 secs   av.it.:  15.0
      thresh= 2.040E-07 alpha_mix =  0.700 |ddv_scf|^2 =  1.465E-12

      iter #   5 total cpu time :    71.5 secs   av.it.:  16.0
      thresh= 1.210E-08 alpha_mix =  0.700 |ddv_scf|^2 =  3.532E-13

      iter #   6 total cpu time :    73.0 secs   av.it.:  15.5
      thresh= 5.943E-09 alpha_mix =  0.700 |ddv_scf|^2 =  1.090E-14

      iter #   7 total cpu time :    74.6 secs   av.it.:  16.5
      thresh= 1.044E-09 alpha_mix =  0.700 |ddv_scf|^2 =  8.531E-16

      iter #   8 total cpu time :    76.2 secs   av.it.:  17.0
      thresh= 2.921E-10 alpha_mix =  0.700 |ddv_scf|^2 =  4.247E-16

      iter #   9 total cpu time :    77.7 secs   av.it.:  16.0
      thresh= 2.061E-10 alpha_mix =  0.700 |ddv_scf|^2 =  2.738E-17

      iter #  10 total cpu time :    79.3 secs   av.it.:  17.0
      thresh= 5.233E-11 alpha_mix =  0.700 |ddv_scf|^2 =  5.473E-18

      iter #  11 total cpu time :    80.8 secs   av.it.:  16.5
      thresh= 2.339E-11 alpha_mix =  0.700 |ddv_scf|^2 =  1.082E-18

      iter #  12 total cpu time :    82.7 secs   av.it.:  18.0
      thresh= 1.040E-11 alpha_mix =  0.700 |ddv_scf|^2 =  6.304E-20

        iq =   1   iwann =   4   rPi_q =     0.67779870     0.00000000   rPi_q_RS =     0.67779872     0.00000000   uPi_q =     1.25500475     0.00000000   Self Hartree =     0.71513501     0.00000000

        Start linear response calculation for the wannier #  5    spin =  1

      iter #   1 total cpu time :    84.6 secs   av.it.:  17.0
      thresh= 1.000E-06 alpha_mix =  0.700 |ddv_scf|^2 =  1.659E-08

      iter #   2 total cpu time :    86.4 secs   av.it.:  17.0
      thresh= 1.000E-06 alpha_mix =  0.700 |ddv_scf|^2 =  3.305E-08

      iter #   3 total cpu time :    88.0 secs   av.it.:  15.5
      thresh= 1.000E-06 alpha_mix =  0.700 |ddv_scf|^2 =  3.628E-10

      iter #   4 total cpu time :    89.7 secs   av.it.:  16.0
      thresh= 1.905E-07 alpha_mix =  0.700 |ddv_scf|^2 =  1.831E-12

      iter #   5 total cpu time :    91.6 secs   av.it.:  16.5
      thresh= 1.353E-08 alpha_mix =  0.700 |ddv_scf|^2 =  2.519E-13

      iter #   6 total cpu time :    93.3 secs   av.it.:  16.0
      thresh= 5.019E-09 alpha_mix =  0.700 |ddv_scf|^2 =  2.320E-14

      iter #   7 total cpu time :    95.1 secs   av.it.:  16.5
      thresh= 1.523E-09 alpha_mix =  0.700 |ddv_scf|^2 =  3.105E-15

      iter #   8 total cpu time :    96.9 secs   av.it.:  16.5
      thresh= 5.572E-10 alpha_mix =  0.700 |ddv_scf|^2 =  1.562E-16

      iter #   9 total cpu time :    98.8 secs   av.it.:  17.0
      thresh= 1.250E-10 alpha_mix =  0.700 |ddv_scf|^2 =  4.024E-17

      iter #  10 total cpu time :   100.5 secs   av.it.:  17.0
      thresh= 6.344E-11 alpha_mix =  0.700 |ddv_scf|^2 =  8.683E-18

      iter #  11 total cpu time :   102.3 secs   av.it.:  17.0
      thresh= 2.947E-11 alpha_mix =  0.700 |ddv_scf|^2 =  1.030E-18

      iter #  12 total cpu time :   104.2 secs   av.it.:  18.0
      thresh= 1.015E-11 alpha_mix =  0.700 |ddv_scf|^2 =  7.486E-20

        iq =   1   iwann =   5   rPi_q =     0.58875702     0.00000000   rPi_q_RS =     0.58875704     0.00000000   uPi_q =     1.00803050     0.00000000   Self Hartree =     0.56626361    -0.00000000

        Start linear response calculation for the wannier #  6    spin =  1

      iter #   1 total cpu time :   106.0 secs   av.it.:  16.5
      thresh= 1.000E-06 alpha_mix =  0.700 |ddv_scf|^2 =  1.317E-08

      iter #   2 total cpu time :   107.8 secs   av.it.:  17.0
      thresh= 1.000E-06 alpha_mix =  0.700 |ddv_scf|^2 =  2.507E-08

      iter #   3 total cpu time :   109.5 secs   av.it.:  15.0
      thresh= 1.000E-06 alpha_mix =  0.700 |ddv_scf|^2 =  3.332E-10

      iter #   4 total cpu time :   111.1 secs   av.it.:  16.0
      thresh= 1.825E-07 alpha_mix =  0.700 |ddv_scf|^2 =  1.771E-12

      iter #   5 total cpu time :   112.8 secs   av.it.:  16.0
      thresh= 1.331E-08 alpha_mix =  0.700 |ddv_scf|^2 =  2.116E-13

      iter #   6 total cpu time :   114.5 secs   av.it.:  16.0
      thresh= 4.600E-09 alpha_mix =  0.700 |ddv_scf|^2 =  2.255E-14

      iter #   7 total cpu time :   116.1 secs   av.it.:  16.5
      thresh= 1.502E-09 alpha_mix =  0.700 |ddv_scf|^2 =  3.234E-15

      iter #   8 total cpu time :   117.8 secs   av.it.:  16.5
      thresh= 5.687E-10 alpha_mix =  0.700 |ddv_scf|^2 =  1.661E-16

      iter #   9 total cpu time :   119.4 secs   av.it.:  17.0
      thresh= 1.289E-10 alpha_mix =  0.700 |ddv_scf|^2 =  6.132E-17

      iter #  10 total cpu time :   121.1 secs   av.it.:  16.5
      thresh= 7.831E-11 alpha_mix =  0.700 |ddv_scf|^2 =  7.204E-18

      iter #  11 total cpu time :   122.6 secs   av.it.:  17.0
      thresh= 2.684E-11 alpha_mix =  0.700 |ddv_scf|^2 =  1.037E-18

      iter #  12 total cpu time :   124.3 secs   av.it.:  18.0
      thresh= 1.018E-11 alpha_mix =  0.700 |ddv_scf|^2 =  7.769E-20

        iq =   1   iwann =   6   rPi_q =     0.54659362     0.00000000   rPi_q_RS =     0.54659363     0.00000000   uPi_q =     0.88662758     0.00000000   Self Hartree =     0.49361230    -0.00000000

        Start linear response calculation for the wannier #  7    spin =  1

      iter #   1 total cpu time :   126.3 secs   av.it.:  17.0
      thresh= 1.000E-06 alpha_mix =  0.700 |ddv_scf|^2 =  1.547E-08

      iter #   2 total cpu time :   128.0 secs   av.it.:  17.0
      thresh= 1.000E-06 alpha_mix =  0.700 |ddv_scf|^2 =  3.033E-08

      iter #   3 total cpu time :   129.5 secs   av.it.:  16.0
      thresh= 1.000E-06 alpha_mix =  0.700 |ddv_scf|^2 =  3.583E-10

      iter #   4 total cpu time :   131.1 secs   av.it.:  16.0
      thresh= 1.893E-07 alpha_mix =  0.700 |ddv_scf|^2 =  1.856E-12

      iter #   5 total cpu time :   132.8 secs   av.it.:  17.0
      thresh= 1.362E-08 alpha_mix =  0.700 |ddv_scf|^2 =  1.966E-13

      iter #   6 total cpu time :   134.4 secs   av.it.:  17.0
      thresh= 4.434E-09 alpha_mix =  0.700 |ddv_scf|^2 =  2.582E-14

      iter #   7 total cpu time :   136.0 secs   av.it.:  17.0
      thresh= 1.607E-09 alpha_mix =  0.700 |ddv_scf|^2 =  3.999E-15

      iter #   8 total cpu time :   137.7 secs   av.it.:  17.0
      thresh= 6.324E-10 alpha_mix =  0.700 |ddv_scf|^2 =  2.776E-16

      iter #   9 total cpu time :   139.7 secs   av.it.:  17.0
      thresh= 1.666E-10 alpha_mix =  0.700 |ddv_scf|^2 =  1.272E-16

      iter #  10 total cpu time :   141.4 secs   av.it.:  17.0
      thresh= 1.128E-10 alpha_mix =  0.700 |ddv_scf|^2 =  6.621E-18

      iter #  11 total cpu time :   143.3 secs   av.it.:  17.5
      thresh= 2.573E-11 alpha_mix =  0.700 |ddv_scf|^2 =  4.136E-18

      iter #  12 total cpu time :   145.0 secs   av.it.:  17.0
      thresh= 2.034E-11 alpha_mix =  0.700 |ddv_scf|^2 =  8.395E-19

        iq =   1   iwann =   7   rPi_q =     0.57827213     0.00000000   rPi_q_RS =     0.57827215     0.00000000   uPi_q =     0.97536410     0.00000000   Self Hartree =     0.54823569     0.00000000

        Start linear response calculation for the wannier #  8    spin =  1

      iter #   1 total cpu time :   146.8 secs   av.it.:  17.0
      thresh= 1.000E-06 alpha_mix =  0.700 |ddv_scf|^2 =  1.523E-08

      iter #   2 total cpu time :   148.5 secs   av.it.:  17.0
      thresh= 1.000E-06 alpha_mix =  0.700 |ddv_scf|^2 =  2.981E-08

      iter #   3 total cpu time :   150.2 secs   av.it.:  16.0
      thresh= 1.000E-06 alpha_mix =  0.700 |ddv_scf|^2 =  3.515E-10

      iter #   4 total cpu time :   151.9 secs   av.it.:  16.0
      thresh= 1.875E-07 alpha_mix =  0.700 |ddv_scf|^2 =  1.918E-12

      iter #   5 total cpu time :   153.7 secs   av.it.:  17.0
      thresh= 1.385E-08 alpha_mix =  0.700 |ddv_scf|^2 =  1.965E-13

      iter #   6 total cpu time :   155.4 secs   av.it.:  17.0
      thresh= 4.433E-09 alpha_mix =  0.700 |ddv_scf|^2 =  2.599E-14

      iter #   7 total cpu time :   157.2 secs   av.it.:  17.0
      thresh= 1.612E-09 alpha_mix =  0.700 |ddv_scf|^2 =  4.161E-15

      iter #   8 total cpu time :   159.0 secs   av.it.:  17.0
      thresh= 6.450E-10 alpha_mix =  0.700 |ddv_scf|^2 =  2.516E-16

      iter #   9 total cpu time :   160.8 secs   av.it.:  17.0
      thresh= 1.586E-10 alpha_mix =  0.700 |ddv_scf|^2 =  1.364E-16

      iter #  10 total cpu time :   162.6 secs   av.it.:  17.0
      thresh= 1.168E-10 alpha_mix =  0.700 |ddv_scf|^2 =  8.737E-18

      iter #  11 total cpu time :   164.3 secs   av.it.:  17.0
      thresh= 2.956E-11 alpha_mix =  0.700 |ddv_scf|^2 =  5.443E-18

      iter #  12 total cpu time :   166.1 secs   av.it.:  17.0
      thresh= 2.333E-11 alpha_mix =  0.700 |ddv_scf|^2 =  7.224E-19

        iq =   1   iwann =   8   rPi_q =     0.57379043    -0.00000000   rPi_q_RS =     0.57379045    -0.00000000   uPi_q =     0.96434534     0.00000000   Self Hartree =     0.54249315     0.00000000

        Start linear response calculation for the wannier #  9    spin =  1

      iter #   1 total cpu time :   167.7 secs   av.it.:  16.0
      thresh= 1.000E-06 alpha_mix =  0.700 |ddv_scf|^2 =  1.564E-08

      iter #   2 total cpu time :   169.3 secs   av.it.:  16.0
      thresh= 1.000E-06 alpha_mix =  0.700 |ddv_scf|^2 =  3.109E-08

      iter #   3 total cpu time :   170.9 secs   av.it.:  15.0
      thresh= 1.000E-06 alpha_mix =  0.700 |ddv_scf|^2 =  2.319E-10

      iter #   4 total cpu time :   172.4 secs   av.it.:  15.0
      thresh= 1.523E-07 alpha_mix =  0.700 |ddv_scf|^2 =  9.199E-12

      iter #   5 total cpu time :   173.9 secs   av.it.:  16.0
      thresh= 3.033E-08 alpha_mix =  0.700 |ddv_scf|^2 =  2.935E-13

      iter #   6 total cpu time :   175.5 secs   av.it.:  15.5
      thresh= 5.418E-09 alpha_mix =  0.700 |ddv_scf|^2 =  2.768E-14

      iter #   7 total cpu time :   177.0 secs   av.it.:  16.0
      thresh= 1.664E-09 alpha_mix =  0.700 |ddv_scf|^2 =  3.969E-15

      iter #   8 total cpu time :   178.5 secs   av.it.:  16.0
      thresh= 6.300E-10 alpha_mix =  0.700 |ddv_scf|^2 =  4.466E-16

      iter #   9 total cpu time :   180.1 secs   av.it.:  16.0
      thresh= 2.113E-10 alpha_mix =  0.700 |ddv_scf|^2 =  2.265E-16

      iter #  10 total cpu time :   181.8 secs   av.it.:  16.0
      thresh= 1.505E-10 alpha_mix =  0.700 |ddv_scf|^2 =  2.914E-17

      iter #  11 total cpu time :   183.5 secs   av.it.:  15.5
      thresh= 5.398E-11 alpha_mix =  0.700 |ddv_scf|^2 =  8.207E-18

      iter #  12 total cpu time :   185.1 secs   av.it.:  16.5
      thresh= 2.865E-11 alpha_mix =  0.700 |ddv_scf|^2 =  3.022E-18

      iter #  13 total cpu time :   186.6 secs   av.it.:  16.5
      thresh= 1.738E-11 alpha_mix =  0.700 |ddv_scf|^2 =  5.279E-19

        iq =   1   iwann =   9   rPi_q =     0.70213618    -0.00000000   rPi_q_RS =     0.70213620    -0.00000000   uPi_q =     1.14615557     0.00000000   Self Hartree =     0.66776338    -0.00000000

        Start linear response calculation for the wannier # 10    spin =  1

      iter #   1 total cpu time :   188.2 secs   av.it.:  16.0
      thresh= 1.000E-06 alpha_mix =  0.700 |ddv_scf|^2 =  1.616E-08

      iter #   2 total cpu time :   189.8 secs   av.it.:  17.0
      thresh= 1.000E-06 alpha_mix =  0.700 |ddv_scf|^2 =  3.159E-08

      iter #   3 total cpu time :   191.3 secs   av.it.:  16.0
      thresh= 1.000E-06 alpha_mix =  0.700 |ddv_scf|^2 =  2.354E-10

      iter #   4 total cpu time :   192.8 secs   av.it.:  16.0
      thresh= 1.534E-07 alpha_mix =  0.700 |ddv_scf|^2 =  1.011E-11

      iter #   5 total cpu time :   194.7 secs   av.it.:  16.0
      thresh= 3.179E-08 alpha_mix =  0.700 |ddv_scf|^2 =  3.303E-13

      iter #   6 total cpu time :   196.5 secs   av.it.:  15.5
      thresh= 5.747E-09 alpha_mix =  0.700 |ddv_scf|^2 =  3.721E-14

      iter #   7 total cpu time :   198.3 secs   av.it.:  16.0
      thresh= 1.929E-09 alpha_mix =  0.700 |ddv_scf|^2 =  4.892E-15

      iter #   8 total cpu time :   200.1 secs   av.it.:  16.0
      thresh= 6.995E-10 alpha_mix =  0.700 |ddv_scf|^2 =  6.471E-16

      iter #   9 total cpu time :   201.8 secs   av.it.:  16.0
      thresh= 2.544E-10 alpha_mix =  0.700 |ddv_scf|^2 =  2.880E-16

      iter #  10 total cpu time :   203.6 secs   av.it.:  16.0
      thresh= 1.697E-10 alpha_mix =  0.700 |ddv_scf|^2 =  3.486E-17

      iter #  11 total cpu time :   205.2 secs   av.it.:  15.5
      thresh= 5.905E-11 alpha_mix =  0.700 |ddv_scf|^2 =  1.303E-17

      iter #  12 total cpu time :   206.9 secs   av.it.:  15.5
      thresh= 3.610E-11 alpha_mix =  0.700 |ddv_scf|^2 =  3.474E-18

      iter #  13 total cpu time :   208.6 secs   av.it.:  16.5
      thresh= 1.864E-11 alpha_mix =  0.700 |ddv_scf|^2 =  8.028E-19

        iq =   1   iwann =  10   rPi_q =     0.70959449    -0.00000000   rPi_q_RS =     0.70959451    -0.00000000   uPi_q =     1.16053360     0.00000000   Self Hartree =     0.67838020     0.00000000

        Start linear response calculation for the wannier # 11    spin =  1

      iter #   1 total cpu time :   210.4 secs   av.it.:  16.0
      thresh= 1.000E-06 alpha_mix =  0.700 |ddv_scf|^2 =  1.484E-08

      iter #   2 total cpu time :   212.1 secs   av.it.:  17.0
      thresh= 1.000E-06 alpha_mix =  0.700 |ddv_scf|^2 =  2.866E-08

      iter #   3 total cpu time :   213.7 secs   av.it.:  16.0
      thresh= 1.000E-06 alpha_mix =  0.700 |ddv_scf|^2 =  2.296E-10

      iter #   4 total cpu time :   215.4 secs   av.it.:  16.0
      thresh= 1.515E-07 alpha_mix =  0.700 |ddv_scf|^2 =  9.597E-12

      iter #   5 total cpu time :   217.0 secs   av.it.:  16.0
      thresh= 3.098E-08 alpha_mix =  0.700 |ddv_scf|^2 =  3.370E-13

      iter #   6 total cpu time :   218.7 secs   av.it.:  16.0
      thresh= 5.805E-09 alpha_mix =  0.700 |ddv_scf|^2 =  3.793E-14

      iter #   7 total cpu time :   220.4 secs   av.it.:  16.0
      thresh= 1.948E-09 alpha_mix =  0.700 |ddv_scf|^2 =  4.802E-15

      iter #   8 total cpu time :   222.0 secs   av.it.:  16.0
      thresh= 6.929E-10 alpha_mix =  0.700 |ddv_scf|^2 =  5.913E-16

      iter #   9 total cpu time :   223.7 secs   av.it.:  16.0
      thresh= 2.432E-10 alpha_mix =  0.700 |ddv_scf|^2 =  2.590E-16

      iter #  10 total cpu time :   225.3 secs   av.it.:  16.0
      thresh= 1.609E-10 alpha_mix =  0.700 |ddv_scf|^2 =  3.101E-17

      iter #  11 total cpu time :   226.9 secs   av.it.:  15.5
      thresh= 5.569E-11 alpha_mix =  0.700 |ddv_scf|^2 =  1.134E-17

      iter #  12 total cpu time :   228.5 secs   av.it.:  16.0
      thresh= 3.367E-11 alpha_mix =  0.700 |ddv_scf|^2 =  3.004E-18

      iter #  13 total cpu time :   230.1 secs   av.it.:  17.0
      thresh= 1.733E-11 alpha_mix =  0.700 |ddv_scf|^2 =  7.070E-19

        iq =   1   iwann =  11   rPi_q =     0.69367229    -0.00000000   rPi_q_RS =     0.69367231    -0.00000000   uPi_q =     1.11711907     0.00000000   Self Hartree =     0.65205916     0.00000000

        Start linear response calculation for the wannier # 12    spin =  1

      iter #   1 total cpu time :   231.7 secs   av.it.:  15.5
      thresh= 1.000E-06 alpha_mix =  0.700 |ddv_scf|^2 =  1.472E-08

      iter #   2 total cpu time :   233.2 secs   av.it.:  16.0
      thresh= 1.000E-06 alpha_mix =  0.700 |ddv_scf|^2 =  2.899E-08

      iter #   3 total cpu time :   234.6 secs   av.it.:  15.0
      thresh= 1.000E-06 alpha_mix =  0.700 |ddv_scf|^2 =  2.306E-10

      iter #   4 total cpu time :   236.0 secs   av.it.:  15.0
      thresh= 1.519E-07 alpha_mix =  0.700 |ddv_scf|^2 =  8.844E-12

      iter #   5 total cpu time :   237.8 secs   av.it.:  16.0
      thresh= 2.974E-08 alpha_mix =  0.700 |ddv_scf|^2 =  3.010E-13

      iter #   6 total cpu time :   239.4 secs   av.it.:  16.0
      thresh= 5.486E-09 alpha_mix =  0.700 |ddv_scf|^2 =  2.652E-14

      iter #   7 total cpu time :   241.0 secs   av.it.:  16.0
      thresh= 1.628E-09 alpha_mix =  0.700 |ddv_scf|^2 =  3.764E-15

      iter #   8 total cpu time :   242.5 secs   av.it.:  16.0
      thresh= 6.135E-10 alpha_mix =  0.700 |ddv_scf|^2 =  4.087E-16

      iter #   9 total cpu time :   244.1 secs   av.it.:  16.0
      thresh= 2.022E-10 alpha_mix =  0.700 |ddv_scf|^2 =  1.960E-16

      iter #  10 total cpu time :   245.7 secs   av.it.:  16.0
      thresh= 1.400E-10 alpha_mix =  0.700 |ddv_scf|^2 =  2.581E-17

      iter #  11 total cpu time :   247.2 secs   av.it.:  15.5
      thresh= 5.080E-11 alpha_mix =  0.700 |ddv_scf|^2 =  6.552E-18

      iter #  12 total cpu time :   248.8 secs   av.it.:  16.5
      thresh= 2.560E-11 alpha_mix =  0.700 |ddv_scf|^2 =  2.336E-18

      iter #  13 total cpu time :   250.7 secs   av.it.:  16.5
      thresh= 1.528E-11 alpha_mix =  0.700 |ddv_scf|^2 =  5.606E-19

        iq =   1   iwann =  12   rPi_q =     0.69286534    -0.00000000   rPi_q_RS =     0.69286536    -0.00000000   uPi_q =     1.11548081     0.00000000   Self Hartree =     0.65083250     0.00000000

        Start linear response calculation for the wannier # 13    spin =  1

      iter #   1 total cpu time :   252.3 secs   av.it.:  16.0
      thresh= 1.000E-06 alpha_mix =  0.700 |ddv_scf|^2 =  1.505E-08

      iter #   2 total cpu time :   253.9 secs   av.it.:  16.0
      thresh= 1.000E-06 alpha_mix =  0.700 |ddv_scf|^2 =  2.922E-08

      iter #   3 total cpu time :   255.4 secs   av.it.:  16.0
      thresh= 1.000E-06 alpha_mix =  0.700 |ddv_scf|^2 =  2.308E-10

      iter #   4 total cpu time :   257.0 secs   av.it.:  16.0
      thresh= 1.519E-07 alpha_mix =  0.700 |ddv_scf|^2 =  9.314E-12

      iter #   5 total cpu time :   258.5 secs   av.it.:  16.0
      thresh= 3.052E-08 alpha_mix =  0.700 |ddv_scf|^2 =  3.445E-13

      iter #   6 total cpu time :   259.9 secs   av.it.:  16.0
      thresh= 5.869E-09 alpha_mix =  0.700 |ddv_scf|^2 =  3.761E-14

      iter #   7 total cpu time :   261.5 secs   av.it.:  16.0
      thresh= 1.939E-09 alpha_mix =  0.700 |ddv_scf|^2 =  4.728E-15

      iter #   8 total cpu time :   263.1 secs   av.it.:  16.0
      thresh= 6.876E-10 alpha_mix =  0.700 |ddv_scf|^2 =  5.963E-16

      iter #   9 total cpu time :   264.9 secs   av.it.:  16.0
      thresh= 2.442E-10 alpha_mix =  0.700 |ddv_scf|^2 =  2.396E-16

      iter #  10 total cpu time :   266.6 secs   av.it.:  16.0
      thresh= 1.548E-10 alpha_mix =  0.700 |ddv_scf|^2 =  2.957E-17

      iter #  11 total cpu time :   268.2 secs   av.it.:  15.5
      thresh= 5.438E-11 alpha_mix =  0.700 |ddv_scf|^2 =  9.702E-18

      iter #  12 total cpu time :   270.0 secs   av.it.:  15.5
      thresh= 3.115E-11 alpha_mix =  0.700 |ddv_scf|^2 =  2.547E-18

      iter #  13 total cpu time :   271.7 secs   av.it.:  17.0
      thresh= 1.596E-11 alpha_mix =  0.700 |ddv_scf|^2 =  7.737E-19

        iq =   1   iwann =  13   rPi_q =     0.68950566     0.00000000   rPi_q_RS =     0.68950569     0.00000000   uPi_q =     1.10988549     0.00000000   Self Hartree =     0.64728430    -0.00000000

        Start linear response calculation for the wannier # 14    spin =  1

      iter #   1 total cpu time :   273.4 secs   av.it.:  16.0
      thresh= 1.000E-06 alpha_mix =  0.700 |ddv_scf|^2 =  1.612E-08

      iter #   2 total cpu time :   275.1 secs   av.it.:  17.0
      thresh= 1.000E-06 alpha_mix =  0.700 |ddv_scf|^2 =  3.164E-08

      iter #   3 total cpu time :   276.8 secs   av.it.:  16.0
      thresh= 1.000E-06 alpha_mix =  0.700 |ddv_scf|^2 =  2.309E-10

      iter #   4 total cpu time :   278.5 secs   av.it.:  16.0
      thresh= 1.519E-07 alpha_mix =  0.700 |ddv_scf|^2 =  9.753E-12

      iter #   5 total cpu time :   280.1 secs   av.it.:  16.0
      thresh= 3.123E-08 alpha_mix =  0.700 |ddv_scf|^2 =  3.416E-13

      iter #   6 total cpu time :   282.3 secs   av.it.:  15.5
      thresh= 5.844E-09 alpha_mix =  0.700 |ddv_scf|^2 =  3.765E-14

      iter #   7 total cpu time :   284.5 secs   av.it.:  16.0
      thresh= 1.940E-09 alpha_mix =  0.700 |ddv_scf|^2 =  4.824E-15

      iter #   8 total cpu time :   286.5 secs   av.it.:  16.0
      thresh= 6.946E-10 alpha_mix =  0.700 |ddv_scf|^2 =  6.057E-16

      iter #   9 total cpu time :   288.0 secs   av.it.:  16.0
      thresh= 2.461E-10 alpha_mix =  0.700 |ddv_scf|^2 =  2.518E-16

      iter #  10 total cpu time :   289.5 secs   av.it.:  16.0
      thresh= 1.587E-10 alpha_mix =  0.700 |ddv_scf|^2 =  3.127E-17

      iter #  11 total cpu time :   290.8 secs   av.it.:  15.5
      thresh= 5.592E-11 alpha_mix =  0.700 |ddv_scf|^2 =  1.075E-17

      iter #  12 total cpu time :   292.3 secs   av.it.:  15.5
      thresh= 3.278E-11 alpha_mix =  0.700 |ddv_scf|^2 =  2.802E-18

      iter #  13 total cpu time :   293.7 secs   av.it.:  16.5
      thresh= 1.674E-11 alpha_mix =  0.700 |ddv_scf|^2 =  7.911E-19

        iq =   1   iwann =  14   rPi_q =     0.70300570     0.00000000   rPi_q_RS =     0.70300572     0.00000000   uPi_q =     1.14497772     0.00000000   Self Hartree =     0.66904807     0.00000000

        Start linear response calculation for the wannier # 15    spin =  1

      iter #   1 total cpu time :   295.2 secs   av.it.:  17.0
      thresh= 1.000E-06 alpha_mix =  0.700 |ddv_scf|^2 =  2.138E-08

      iter #   2 total cpu time :   296.8 secs   av.it.:  17.0
      thresh= 1.000E-06 alpha_mix =  0.700 |ddv_scf|^2 =  4.434E-08

      iter #   3 total cpu time :   298.3 secs   av.it.:  16.0
      thresh= 1.000E-06 alpha_mix =  0.700 |ddv_scf|^2 =  4.063E-10

      iter #   4 total cpu time :   299.6 secs   av.it.:  15.0
      thresh= 2.016E-07 alpha_mix =  0.700 |ddv_scf|^2 =  1.400E-12

      iter #   5 total cpu time :   301.1 secs   av.it.:  16.0
      thresh= 1.183E-08 alpha_mix =  0.700 |ddv_scf|^2 =  3.481E-13

      iter #   6 total cpu time :   302.5 secs   av.it.:  16.0
      thresh= 5.900E-09 alpha_mix =  0.700 |ddv_scf|^2 =  1.095E-14

      iter #   7 total cpu time :   303.9 secs   av.it.:  16.5
      thresh= 1.046E-09 alpha_mix =  0.700 |ddv_scf|^2 =  9.141E-16

      iter #   8 total cpu time :   305.3 secs   av.it.:  16.5
      thresh= 3.023E-10 alpha_mix =  0.700 |ddv_scf|^2 =  3.586E-16

      iter #   9 total cpu time :   306.7 secs   av.it.:  16.0
      thresh= 1.894E-10 alpha_mix =  0.700 |ddv_scf|^2 =  3.694E-17

      iter #  10 total cpu time :   308.2 secs   av.it.:  17.0
      thresh= 6.078E-11 alpha_mix =  0.700 |ddv_scf|^2 =  4.285E-18

      iter #  11 total cpu time :   309.8 secs   av.it.:  16.5
      thresh= 2.070E-11 alpha_mix =  0.700 |ddv_scf|^2 =  6.983E-19

        iq =   1   iwann =  15   rPi_q =     0.65874885    -0.00000000   rPi_q_RS =     0.65874887    -0.00000000   uPi_q =     1.19608087     0.00000000   Self Hartree =     0.68052687    -0.00000000


     INFO: LR CALCULATION ... DONE





        iwann  =     1   relaxed =      0.57113848   unrelaxed =      0.95241415   alpha =  0.59967450   self Hartree =  0.53589495

        iwann  =     2   relaxed =      0.56954370   unrelaxed =      0.94897570   alpha =  0.60016679   self Hartree =  0.53295438

        iwann  =     3   relaxed =      0.66988640   unrelaxed =      1.23286026   alpha =  0.54335956   self Hartree =  0.70275221

        iwann  =     4   relaxed =      0.67779870   unrelaxed =      1.25500475   alpha =  0.54007660   self Hartree =  0.71513501

        iwann  =     5   relaxed =      0.58875702   unrelaxed =      1.00803050   alpha =  0.58406667   self Hartree =  0.56626361

        iwann  =     6   relaxed =      0.54659362   unrelaxed =      0.88662758   alpha =  0.61648614   self Hartree =  0.49361230

        iwann  =     7   relaxed =      0.57827213   unrelaxed =      0.97536410   alpha =  0.59287821   self Hartree =  0.54823569

        iwann  =     8   relaxed =      0.57379043   unrelaxed =      0.96434534   alpha =  0.59500514   self Hartree =  0.54249315

        iwann  =     9   relaxed =      0.70213618   unrelaxed =      1.14615557   alpha =  0.61260111   self Hartree =  0.66776338

        iwann  =    10   relaxed =      0.70959449   unrelaxed =      1.16053360   alpha =  0.61143812   self Hartree =  0.67838020

        iwann  =    11   relaxed =      0.69367229   unrelaxed =      1.11711907   alpha =  0.62094749   self Hartree =  0.65205916

        iwann  =    12   relaxed =      0.69286534   unrelaxed =      1.11548081   alpha =  0.62113605   self Hartree =  0.65083250

        iwann  =    13   relaxed =      0.68950566   unrelaxed =      1.10988549   alpha =  0.62124036   self Hartree =  0.64728430

        iwann  =    14   relaxed =      0.70300570   unrelaxed =      1.14497772   alpha =  0.61399072   self Hartree =  0.66904807

        iwann  =    15   relaxed =      0.65874885   unrelaxed =      1.19608087   alpha =  0.55075611   self Hartree =  0.68052687




 
     KCW          :   5m 1.50s CPU   5m 9.82s WALL

     INITIALIZATION: 
 
     init_vloc    :      0.05s CPU      0.05s WALL (       1 calls)
     init_us_1    :      0.00s CPU      0.00s WALL (       1 calls)
 
     solve_linter :    300.40s CPU    308.56s WALL (      15 calls)
 
     solve_linter :    300.40s CPU    308.56s WALL (      15 calls)
     ortho        :      0.51s CPU      0.51s WALL (     372 calls)
     cgsolve      :    260.19s CPU    265.08s WALL (     372 calls)
     incdrhoscf   :     15.10s CPU     15.57s WALL (     372 calls)
                                        0.00s GPU  (     372 calls)
     dv_of_drho   :      3.63s CPU      3.67s WALL (     186 calls)
     mix_pot      :      3.97s CPU      6.06s WALL (     186 calls)
 
 
     cgsolve      :    260.19s CPU    265.08s WALL (     372 calls)
     ch_psi       :    247.18s CPU    251.72s WALL (    7715 calls)
 
     ch_psi       :    247.18s CPU    251.72s WALL (    7715 calls)
     h_psi        :    222.89s CPU    227.11s WALL (    7715 calls)
     last         :     18.09s CPU     18.34s WALL (    7715 calls)
 
     h_psi        :    222.89s CPU    227.11s WALL (    7715 calls)
     add_vuspsi   :     16.66s CPU     16.86s WALL (    7715 calls)
 
     incdrhoscf   :     15.10s CPU     15.57s WALL (     372 calls)
                                        0.00s GPU  (     372 calls)
 
 
      General routines
     calbec       :     11.88s CPU     12.12s WALL (    7715 calls)
     fft          :      0.98s CPU      1.04s WALL (     564 calls)
     ffts         :      0.24s CPU      0.24s WALL (     150 calls)
     fftw         :    123.44s CPU    126.19s WALL (  210278 calls)
     davcio       :      0.90s CPU      2.48s WALL (    3246 calls)
 
 
     KCW          :   5m 1.50s CPU   5m 9.82s WALL

 
   This run was terminated on:  15:56:33   7Oct2024            

=------------------------------------------------------------------------------=
   JOB DONE.
=------------------------------------------------------------------------------=
